0 info it worked if it ends with ok
1 verbose cli [ '/usr/bin/node', '/usr/bin/npm', 'start' ]
2 info using npm@3.5.2
3 info using node@v8.10.0
4 verbose run-script [ 'prestart', 'start', 'poststart' ]
5 info lifecycle db_final@1.0.0~prestart: db_final@1.0.0
6 silly lifecycle db_final@1.0.0~prestart: no script for prestart, continuing
7 info lifecycle db_final@1.0.0~start: db_final@1.0.0
8 verbose lifecycle db_final@1.0.0~start: unsafe-perm in lifecycle true
9 verbose lifecycle db_final@1.0.0~start: PATH: /usr/share/npm/bin/node-gyp-bin:/mnt/d/Materials/108-2-Database/NCTU-DB-proj/src/web/node_modules/.bin:/home/hmysjiang/.local/bin:/usr/local/sbin:/usr/local/bin:/usr/sbin:/usr/bin:/sbin:/bin:/usr/games:/usr/local/games:/mnt/c/ProgramData/Oracle/Java/javapath:/mnt/c/Program Files (x86)/Intel/iCLS Client/:/mnt/c/Program Files/Intel/iCLS Client/:/mnt/c/WINDOWS/system32:/mnt/c/WINDOWS:/mnt/c/WINDOWS/System32/Wbem:/mnt/c/WINDOWS/System32/WindowsPowerShell/v1.0/:/mnt/c/Program Files (x86)/Intel/Intel(R) Management Engine Components/DAL:/mnt/c/Program Files/Intel/Intel(R) Management Engine Components/DAL:/mnt/c/Program Files (x86)/Intel/Intel(R) Management Engine Components/IPT:/mnt/c/Program Files/Intel/Intel(R) Management Engine Components/IPT:/mnt/c/Program Files/Intel/WiFi/bin/:/mnt/c/Program Files/Common Files/Intel/WirelessCommon/:/mnt/c/Program Files (x86)/NVIDIA Corporation/PhysX/Common:/mnt/c/Program Files/Git/cmd:/mnt/c/WINDOWS/system32:/mnt/c/WINDOWS:/mnt/c/WINDOWS/System32/Wbem:/mnt/c/WINDOWS/System32/WindowsPowerShell/v1.0/:/mnt/c/WINDOWS/System32/OpenSSH/:/mnt/c/Program Files (x86)/GtkSharp/2.12/bin:/mnt/c/Program Files/doxygen/bin:/mnt/d/Matlab/runtime/win64:/mnt/d/Matlab/bin:/mnt/c/Program Files/NVIDIA Corporation/NVIDIA NvDLISR:/mnt/c/MinGW/bin/:/mnt/c/Users/hmysjiang/AppData/Local/Programs/Python/Python36/Scripts/:/mnt/c/Users/hmysjiang/AppData/Local/Programs/Python/Python36/:/mnt/c/Program Files/Intel/WiFi/bin/:/mnt/c/Program Files/Common Files/Intel/WirelessCommon/:/mnt/c/Users/hmysjiang/AppData/Local/Microsoft/WindowsApps:/mnt/c/ffmpeg-20190131-ed20fbc-win64-static/bin/:/mnt/c/Program Files/Java/jdk1.8.0_161/bin/:/mnt/c/Users/hmysjiang/AppData/Local/Programs/Python/Python36/Lib/site-packages/cmake/data/bin/:/mnt/c/youtube-dl/:/mnt/c/fciv/:/mnt/c/cmder_mini/:/mnt/d/Modeltech_pe_edu_10.4a/win32pe_edu:/mnt/c/Users/hmysjiang/AppData/Local/Programs/Microsoft VS Code/bin:/snap/bin
10 verbose lifecycle db_final@1.0.0~start: CWD: /mnt/d/Materials/108-2-Database/NCTU-DB-proj/src/web
11 silly lifecycle db_final@1.0.0~start: Args: [ '-c', 'node server.js' ]
12 silly lifecycle db_final@1.0.0~start: Returned: code: 1  signal: null
13 info lifecycle db_final@1.0.0~start: Failed to exec start script
14 verbose stack Error: db_final@1.0.0 start: `node server.js`
14 verbose stack Exit status 1
14 verbose stack     at EventEmitter.<anonymous> (/usr/share/npm/lib/utils/lifecycle.js:232:16)
14 verbose stack     at emitTwo (events.js:126:13)
14 verbose stack     at EventEmitter.emit (events.js:214:7)
14 verbose stack     at ChildProcess.<anonymous> (/usr/share/npm/lib/utils/spawn.js:24:14)
14 verbose stack     at emitTwo (events.js:126:13)
14 verbose stack     at ChildProcess.emit (events.js:214:7)
14 verbose stack     at maybeClose (internal/child_process.js:925:16)
14 verbose stack     at Process.ChildProcess._handle.onexit (internal/child_process.js:209:5)
15 verbose pkgid db_final@1.0.0
16 verbose cwd /mnt/d/Materials/108-2-Database/NCTU-DB-proj/src/web
17 error Linux 4.4.0-18362-Microsoft
18 error argv "/usr/bin/node" "/usr/bin/npm" "start"
19 error node v8.10.0
20 error npm  v3.5.2
21 error code ELIFECYCLE
22 error db_final@1.0.0 start: `node server.js`
22 error Exit status 1
23 error Failed at the db_final@1.0.0 start script 'node server.js'.
23 error Make sure you have the latest version of node.js and npm installed.
23 error If you do, this is most likely a problem with the db_final package,
23 error not with npm itself.
23 error Tell the author that this fails on your system:
23 error     node server.js
23 error You can get information on how to open an issue for this project with:
23 error     npm bugs db_final
23 error Or if that isn't available, you can get their info via:
23 error     npm owner ls db_final
23 error There is likely additional logging output above.
24 verbose exit [ 1, true ]
